-------------------------------------------------------------------------------
Test set: com.tem.testrunners.TestRunner
-------------------------------------------------------------------------------
Tests run: 1, Failures: 1, Errors: 0, Skipped: 0, Time elapsed: 0.581 s <<< FAILURE! - in com.tem.testrunners.TestRunner
com.tem.foundations.Java02Variables.testVariables  Time elapsed: 0.396 s  <<< FAILURE!
java.lang.AssertionError: Message does not match
	at com.tem.foundations.Java02Variables.loginAttempts(Java02Variables.java:56)
	at com.tem.foundations.Java02Variables.testVariables(Java02Variables.java:72)

