<?xml version="1.0" encoding="UTF-8"?>
<testsuite xmlns:xsi="http://www.w3.org/2001/XMLSchema-instance" xsi:noNamespaceSchemaLocation="https://maven.apache.org/surefire/maven-surefire-plugin/xsd/surefire-test-report-3.0.xsd" version="3.0" name="com.tem.testrunners.TestRunner" time="0.581" tests="1" errors="0" skipped="0" failures="1">
  <properties>
[...]
</properties>
  <testcase name="testVariables" classname="com.tem.foundations.Java02Variables" time="0.396">
    <failure message="Message does not match" type="java.lang.AssertionError"><![CDATA[java.lang.AssertionError: Message does not match
	at com.tem.foundations.Java02Variables.loginAttempts(Java02Variables.java:56)
	at com.tem.foundations.Java02Variables.testVariables(Java02Variables.java:72)
]]></failure>
    <system-out><![CDATA[Test URL: teststaging.barclays.com
membership Number: 12345678
membership Number: 33243354
user log in attempt: 1
user log in attempt: 2
user log in attempt: 3
Account Locked. Contact bank
Test failed..
]]></system-out>
  </testcase>
</testsuite>